<?xml version="1.0" encoding="UTF-8"?>
<testng-results skipped="0" failed="0" ignored="0" total="1" passed="1">
  <reporter-output>
  </reporter-output>
  <suite name="Default suite" duration-ms="9271" started-at="2020-08-31T14:20:34 CDT" finished-at="2020-08-31T14:20:44 CDT">
    <groups>
    </groups>
    <test name="Default test" duration-ms="9271" started-at="2020-08-31T14:20:34 CDT" finished-at="2020-08-31T14:20:44 CDT">
      <class name="Test_Enteries.Test_Type">
        <test-method status="PASS" signature="browser()[pri:0, instance:Test_Enteries.Test_Type@3439f68d]" name="browser" duration-ms="9223" started-at="2020-08-31T14:20:35 CDT" finished-at="2020-08-31T14:20:44 CDT">
          <reporter-output>
          </reporter-output>
        </test-method> <!-- browser -->
      </class> <!-- Test_Enteries.Test_Type -->
    </test> <!-- Default test -->
  </suite> <!-- Default suite -->
</testng-results>
